<?xml version="1.0" encoding="UTF-8"?>
<testsuite xmlns:xsi="http://www.w3.org/2001/XMLSchema-instance" xsi:noNamespaceSchemaLocation="https://maven.apache.org/surefire/maven-surefire-plugin/xsd/surefire-test-report-3.0.xsd" version="3.0" name="TestSuite" time="21.576" tests="4" errors="0" skipped="0" failures="0">
  <properties>
    <property name="sun.desktop" value="windows"/>
    <property name="awt.toolkit" value="sun.awt.windows.WToolkit"/>
    <property name="java.specification.version" value="11"/>
    <property name="sun.cpu.isalist" value="amd64"/>
    <property name="sun.jnu.encoding" value="Cp1252"/>
    <property name="java.class.path" value="C:\Users\Siddharth Barthwal\eclipse-workspace\AssignmentGitHub\target\test-classes;C:\Users\Siddharth Barthwal\eclipse-workspace\AssignmentGitHub\target\classes;C:\Users\Siddharth Barthwal\.m2\repository\org\testng\testng\7.8.0\testng-7.8.0.jar;C:\Users\Siddharth Barthwal\.m2\repository\org\slf4j\slf4j-api\1.7.36\slf4j-api-1.7.36.jar;C:\Users\Siddharth Barthwal\.m2\repository\com\beust\jcommander\1.82\jcommander-1.82.jar;C:\Users\Siddharth Barthwal\.m2\repository\org\webjars\jquery\3.6.1\jquery-3.6.1.jar;C:\Users\Siddharth Barthwal\.m2\repository\io\rest-assured\rest-assured\5.3.1\rest-assured-5.3.1.jar;C:\Users\Siddharth Barthwal\.m2\repository\org\apache\groovy\groovy\4.0.11\groovy-4.0.11.jar;C:\Users\Siddharth Barthwal\.m2\repository\org\apache\groovy\groovy-xml\4.0.11\groovy-xml-4.0.11.jar;C:\Users\Siddharth Barthwal\.m2\repository\org\apache\httpcomponents\httpclient\4.5.13\httpclient-4.5.13.jar;C:\Users\Siddharth Barthwal\.m2\repository\org\apache\httpcomponents\httpcore\4.4.13\httpcore-4.4.13.jar;C:\Users\Siddharth Barthwal\.m2\repository\commons-logging\commons-logging\1.2\commons-logging-1.2.jar;C:\Users\Siddharth Barthwal\.m2\repository\org\apache\httpcomponents\httpmime\4.5.13\httpmime-4.5.13.jar;C:\Users\Siddharth Barthwal\.m2\repository\org\hamcrest\hamcrest\2.2\hamcrest-2.2.jar;C:\Users\Siddharth Barthwal\.m2\repository\org\ccil\cowan\tagsoup\tagsoup\1.2.1\tagsoup-1.2.1.jar;C:\Users\Siddharth Barthwal\.m2\repository\io\rest-assured\json-path\5.3.1\json-path-5.3.1.jar;C:\Users\Siddharth Barthwal\.m2\repository\org\apache\groovy\groovy-json\4.0.11\groovy-json-4.0.11.jar;C:\Users\Siddharth Barthwal\.m2\repository\io\rest-assured\rest-assured-common\5.3.1\rest-assured-common-5.3.1.jar;C:\Users\Siddharth Barthwal\.m2\repository\io\rest-assured\xml-path\5.3.1\xml-path-5.3.1.jar;C:\Users\Siddharth Barthwal\.m2\repository\org\apache\commons\commons-lang3\3.11\commons-lang3-3.11.jar;C:\Users\Siddharth Barthwal\.m2\repository\org\apache\poi\poi\5.2.3\poi-5.2.3.jar;C:\Users\Siddharth Barthwal\.m2\repository\commons-codec\commons-codec\1.15\commons-codec-1.15.jar;C:\Users\Siddharth Barthwal\.m2\repository\org\apache\commons\commons-collections4\4.4\commons-collections4-4.4.jar;C:\Users\Siddharth Barthwal\.m2\repository\org\apache\commons\commons-math3\3.6.1\commons-math3-3.6.1.jar;C:\Users\Siddharth Barthwal\.m2\repository\commons-io\commons-io\2.11.0\commons-io-2.11.0.jar;C:\Users\Siddharth Barthwal\.m2\repository\com\zaxxer\SparseBitSet\1.2\SparseBitSet-1.2.jar;C:\Users\Siddharth Barthwal\.m2\repository\org\apache\logging\log4j\log4j-api\2.18.0\log4j-api-2.18.0.jar;C:\Users\Siddharth Barthwal\.m2\repository\org\apache\poi\poi-ooxml\5.2.3\poi-ooxml-5.2.3.jar;C:\Users\Siddharth Barthwal\.m2\repository\org\apache\poi\poi-ooxml-lite\5.2.3\poi-ooxml-lite-5.2.3.jar;C:\Users\Siddharth Barthwal\.m2\repository\org\apache\xmlbeans\xmlbeans\5.1.1\xmlbeans-5.1.1.jar;C:\Users\Siddharth Barthwal\.m2\repository\org\apache\commons\commons-compress\1.21\commons-compress-1.21.jar;C:\Users\Siddharth Barthwal\.m2\repository\com\github\virtuald\curvesapi\1.07\curvesapi-1.07.jar;C:\Users\Siddharth Barthwal\.m2\repository\com\fasterxml\jackson\core\jackson-databind\2.12.3\jackson-databind-2.12.3.jar;C:\Users\Siddharth Barthwal\.m2\repository\com\fasterxml\jackson\core\jackson-annotations\2.12.3\jackson-annotations-2.12.3.jar;C:\Users\Siddharth Barthwal\.m2\repository\com\fasterxml\jackson\core\jackson-core\2.12.3\jackson-core-2.12.3.jar;"/>
    <property name="java.vm.vendor" value="Oracle Corporation"/>
    <property name="sun.arch.data.model" value="64"/>
    <property name="user.variant" value=""/>
    <property name="java.vendor.url" value="https://openjdk.java.net/"/>
    <property name="user.timezone" value="Asia/Calcutta"/>
    <property name="java.vm.specification.version" value="11"/>
    <property name="os.name" value="Windows 10"/>
    <property name="sun.java.launcher" value="SUN_STANDARD"/>
    <property name="user.country" value="IN"/>
    <property name="sun.boot.library.path" value="C:\Program Files\Java\jdk-11\bin"/>
    <property name="sun.java.command" value="C:\Users\Siddharth Barthwal\AppData\Local\Temp\surefire3079971510938777569\surefirebooter-20231001093916927_3.jar C:\Users\Siddharth Barthwal\AppData\Local\Temp\surefire3079971510938777569 2023-10-01T09-39-15_180-jvmRun1 surefire-20231001093916927_1tmp surefire_0-20231001093916927_2tmp"/>
    <property name="jdk.debug" value="release"/>
    <property name="surefire.test.class.path" value="C:\Users\Siddharth Barthwal\eclipse-workspace\AssignmentGitHub\target\test-classes;C:\Users\Siddharth Barthwal\eclipse-workspace\AssignmentGitHub\target\classes;C:\Users\Siddharth Barthwal\.m2\repository\org\testng\testng\7.8.0\testng-7.8.0.jar;C:\Users\Siddharth Barthwal\.m2\repository\org\slf4j\slf4j-api\1.7.36\slf4j-api-1.7.36.jar;C:\Users\Siddharth Barthwal\.m2\repository\com\beust\jcommander\1.82\jcommander-1.82.jar;C:\Users\Siddharth Barthwal\.m2\repository\org\webjars\jquery\3.6.1\jquery-3.6.1.jar;C:\Users\Siddharth Barthwal\.m2\repository\io\rest-assured\rest-assured\5.3.1\rest-assured-5.3.1.jar;C:\Users\Siddharth Barthwal\.m2\repository\org\apache\groovy\groovy\4.0.11\groovy-4.0.11.jar;C:\Users\Siddharth Barthwal\.m2\repository\org\apache\groovy\groovy-xml\4.0.11\groovy-xml-4.0.11.jar;C:\Users\Siddharth Barthwal\.m2\repository\org\apache\httpcomponents\httpclient\4.5.13\httpclient-4.5.13.jar;C:\Users\Siddharth Barthwal\.m2\repository\org\apache\httpcomponents\httpcore\4.4.13\httpcore-4.4.13.jar;C:\Users\Siddharth Barthwal\.m2\repository\commons-logging\commons-logging\1.2\commons-logging-1.2.jar;C:\Users\Siddharth Barthwal\.m2\repository\org\apache\httpcomponents\httpmime\4.5.13\httpmime-4.5.13.jar;C:\Users\Siddharth Barthwal\.m2\repository\org\hamcrest\hamcrest\2.2\hamcrest-2.2.jar;C:\Users\Siddharth Barthwal\.m2\repository\org\ccil\cowan\tagsoup\tagsoup\1.2.1\tagsoup-1.2.1.jar;C:\Users\Siddharth Barthwal\.m2\repository\io\rest-assured\json-path\5.3.1\json-path-5.3.1.jar;C:\Users\Siddharth Barthwal\.m2\repository\org\apache\groovy\groovy-json\4.0.11\groovy-json-4.0.11.jar;C:\Users\Siddharth Barthwal\.m2\repository\io\rest-assured\rest-assured-common\5.3.1\rest-assured-common-5.3.1.jar;C:\Users\Siddharth Barthwal\.m2\repository\io\rest-assured\xml-path\5.3.1\xml-path-5.3.1.jar;C:\Users\Siddharth Barthwal\.m2\repository\org\apache\commons\commons-lang3\3.11\commons-lang3-3.11.jar;C:\Users\Siddharth Barthwal\.m2\repository\org\apache\poi\poi\5.2.3\poi-5.2.3.jar;C:\Users\Siddharth Barthwal\.m2\repository\commons-codec\commons-codec\1.15\commons-codec-1.15.jar;C:\Users\Siddharth Barthwal\.m2\repository\org\apache\commons\commons-collections4\4.4\commons-collections4-4.4.jar;C:\Users\Siddharth Barthwal\.m2\repository\org\apache\commons\commons-math3\3.6.1\commons-math3-3.6.1.jar;C:\Users\Siddharth Barthwal\.m2\repository\commons-io\commons-io\2.11.0\commons-io-2.11.0.jar;C:\Users\Siddharth Barthwal\.m2\repository\com\zaxxer\SparseBitSet\1.2\SparseBitSet-1.2.jar;C:\Users\Siddharth Barthwal\.m2\repository\org\apache\logging\log4j\log4j-api\2.18.0\log4j-api-2.18.0.jar;C:\Users\Siddharth Barthwal\.m2\repository\org\apache\poi\poi-ooxml\5.2.3\poi-ooxml-5.2.3.jar;C:\Users\Siddharth Barthwal\.m2\repository\org\apache\poi\poi-ooxml-lite\5.2.3\poi-ooxml-lite-5.2.3.jar;C:\Users\Siddharth Barthwal\.m2\repository\org\apache\xmlbeans\xmlbeans\5.1.1\xmlbeans-5.1.1.jar;C:\Users\Siddharth Barthwal\.m2\repository\org\apache\commons\commons-compress\1.21\commons-compress-1.21.jar;C:\Users\Siddharth Barthwal\.m2\repository\com\github\virtuald\curvesapi\1.07\curvesapi-1.07.jar;C:\Users\Siddharth Barthwal\.m2\repository\com\fasterxml\jackson\core\jackson-databind\2.12.3\jackson-databind-2.12.3.jar;C:\Users\Siddharth Barthwal\.m2\repository\com\fasterxml\jackson\core\jackson-annotations\2.12.3\jackson-annotations-2.12.3.jar;C:\Users\Siddharth Barthwal\.m2\repository\com\fasterxml\jackson\core\jackson-core\2.12.3\jackson-core-2.12.3.jar;"/>
    <property name="sun.cpu.endian" value="little"/>
    <property name="user.home" value="C:\Users\Siddharth Barthwal"/>
    <property name="user.language" value="en"/>
    <property name="java.specification.vendor" value="Oracle Corporation"/>
    <property name="java.version.date" value="2023-01-17"/>
    <property name="java.home" value="C:\Program Files\Java\jdk-11"/>
    <property name="file.separator" value="\"/>
    <property name="style.color" value="always"/>
    <property name="basedir" value="C:\Users\Siddharth Barthwal\eclipse-workspace\AssignmentGitHub"/>
    <property name="java.vm.compressedOopsMode" value="32-bit"/>
    <property name="line.separator" value="&#10;"/>
    <property name="java.specification.name" value="Java Platform API Specification"/>
    <property name="java.vm.specification.vendor" value="Oracle Corporation"/>
    <property name="java.awt.graphicsenv" value="sun.awt.Win32GraphicsEnvironment"/>
    <property name="surefire.real.class.path" value="C:\Users\Siddharth Barthwal\AppData\Local\Temp\surefire3079971510938777569\surefirebooter-20231001093916927_3.jar"/>
    <property name="user.script" value=""/>
    <property name="sun.management.compiler" value="HotSpot 64-Bit Tiered Compilers"/>
    <property name="java.runtime.version" value="11.0.18+9-LTS-195"/>
    <property name="user.name" value="Siddharth Barthwal"/>
    <property name="path.separator" value=";"/>
    <property name="os.version" value="10.0"/>
    <property name="java.runtime.name" value="Java(TM) SE Runtime Environment"/>
    <property name="file.encoding" value="Cp1252"/>
    <property name="java.vm.name" value="Java HotSpot(TM) 64-Bit Server VM"/>
    <property name="java.vendor.version" value="18.9"/>
    <property name="localRepository" value="C:\Users\Siddharth Barthwal\.m2\repository"/>
    <property name="java.vendor.url.bug" value="https://bugreport.java.com/bugreport/"/>
    <property name="java.io.tmpdir" value="C:\Users\SIDDHA~1\AppData\Local\Temp\"/>
    <property name="java.version" value="11.0.18"/>
    <property name="user.dir" value="C:\Users\Siddharth Barthwal\eclipse-workspace\AssignmentGitHub"/>
    <property name="os.arch" value="amd64"/>
    <property name="java.vm.specification.name" value="Java Virtual Machine Specification"/>
    <property name="java.awt.printerjob" value="sun.awt.windows.WPrinterJob"/>
    <property name="sun.os.patch.level" value=""/>
    <property name="java.library.path" value="C:\Program Files\Java\jdk-11\bin;C:\Windows\Sun\Java\bin;C:\Windows\system32;C:\Windows;C:/Users/Siddharth Barthwal/.p2/pool/plugins/org.eclipse.justj.openjdk.hotspot.jre.full.win32.x86_64_17.0.8.v20230831-1047/jre/bin/server;C:/Users/Siddharth Barthwal/.p2/pool/plugins/org.eclipse.justj.openjdk.hotspot.jre.full.win32.x86_64_17.0.8.v20230831-1047/jre/bin;C:\Users\Siddharth Barthwal\AppData\Local\Android\Sdk\tools\bin;C:\Users\Siddharth Barthwal\AppData\Local\Android\Sdk\platform-tools;C:\Users\Siddharth Barthwal\AppData\Local\Android\Sdk\tools;C:\Program Files\Common Files\Oracle\Java\javapath;C:\Program Files (x86)\Common Files\Oracle\Java\javapath;C:\Users\Siddharth Barthwal\AppData\Roaming\Scripts\;C:\Users\Siddharth Barthwal\AppData\Roaming\;C:\Windows\system32;C:\Windows;C:\Windows\System32\Wbem;C:\Windows\System32\WindowsPowerShell\v1.0\;C:\Windows\System32\OpenSSH\;C:\Windows\System32;C:\Windows;%CLASSPATH%;C:\Program Files\apache-maven-3.8.1\bin;C:\gatling\gatling-charts-highcharts-bundle-3.5.1\bin;C:\Python\Scripts;C:\Python\Lib;C:\Python\libs;C:\Python\DLLs;C:\Python\Lib\site-packages;;C:\strawberry\c\bin;C:\strawberry\perl\bin;C:\Program Files;C:\Program Files\apache-maven-3.8.1\bin;C:\Windows\System32\Coreinfo;C:\Program Files\Git\cmd;C:\Program Files\Java\jdk-11\bin;C:\Program Files\Common Files\Oracle\Java\javapath;C:\Users\Siddharth Barthwal\AppData\Local\Android\Sdk\tools\bin;C:\Users\Siddharth Barthwal\AppData\Local\Android\Sdk\platform-tools;C:\Users\Siddharth Barthwal\AppData\Local\Android\Sdk\tools;C:\Program Files\nodejs\;C:\cygwin64\bin;E:\drivers\geckodriver-v0.33.0-win64\geckodriver.exe;E:\drivers\chromedriver_win32\chromedriver.exe;E:\Firefox.exe;C:\Python;C:\Python\Scripts;C:\Program Files\nodejs\node_modules\npm\bin;C:\Users\Siddharth Barthwal\AppData\Roaming\npm\chromedriver.exe;C:\Program Files\Microsoft SQL Server\Client SDK\ODBC\170\Tools\Binn\;C:\Program Files\dotnet\;C:\Program Files\MySQL\MySQL Server 8.0\bin;C:\Program Files\MySQL\MySQL Shell 8.0\bin\;C:\Program Files\Common Files\Oracle\Java\javapath\java.exe;C:\Users\Siddharth Barthwal\AppData\Local\Android\Sdk\tools;C:\Users\Siddharth Barthwal\AppData\Local\Android\Sdk\platform-tools;C:\Program Files\Java\jdk-11\bin;C:\Users\Siddharth Barthwal\AppData\Local\Android\Sdk\tools\bin;C:\Program Files\Scripts\;C:\Program Files\;C:\Program Files\JetBrains\PyCharm 2021.1.1\bin;;C:\Program Files\JetBrains\PyCharm Community Edition 2023.2\bin;;C:\Program Files\apache-maven-3.8.1\bin;C:\Program Files\JetBrains\IntelliJ IDEA 2021.1.1\bin;;C:\Program Files\JetBrains\IntelliJ IDEA Community Edition 2022.3.2\bin;;C:\Program Files\Common Files\Oracle\Java\javapath;C:\Users\Siddharth Barthwal\AppData\Roaming\npm;C:\Users\Siddharth Barthwal\AppData\Local\Programs\Microsoft VS Code\bin;C:\Users\Siddharth Barthwal\.dotnet\tools;C:\Program Files\MySQL\MySQL Server 8.0\bin;;C:\Windows\system32;;."/>
    <property name="java.vendor" value="Oracle Corporation"/>
    <property name="java.vm.info" value="mixed mode"/>
    <property name="java.vm.version" value="11.0.18+9-LTS-195"/>
    <property name="sun.io.unicode.encoding" value="UnicodeLittle"/>
    <property name="java.class.version" value="55.0"/>
  </properties>
  <testcase name="testToCreateARepoWithPojo" classname="tests.GitHubTests" time="12.504">
    <system-out><![CDATA[request body to create a repo: {
  "name" : "hello world0.6642722936972764",
  "description" : "this is without cucumber0.0731579151169055"
}
{
    "id": 698819944,
    "node_id": "R_kgDOKaclaA",
    "name": "hello-world0.6642722936972764",
    "full_name": "sidgbpec/hello-world0.6642722936972764",
    "private": false,
    "owner": {
        "login": "sidgbpec",
        "id": 65030726,
        "node_id": "MDQ6VXNlcjY1MDMwNzI2",
        "avatar_url": "https://avatars.githubusercontent.com/u/65030726?v=4",
        "gravatar_id": "",
        "url": "https://api.github.com/users/sidgbpec",
        "html_url": "https://github.com/sidgbpec",
        "followers_url": "https://api.github.com/users/sidgbpec/followers",
        "following_url": "https://api.github.com/users/sidgbpec/following{/other_user}",
        "gists_url": "https://api.github.com/users/sidgbpec/gists{/gist_id}",
        "starred_url": "https://api.github.com/users/sidgbpec/starred{/owner}{/repo}",
        "subscriptions_url": "https://api.github.com/users/sidgbpec/subscriptions",
        "organizations_url": "https://api.github.com/users/sidgbpec/orgs",
        "repos_url": "https://api.github.com/users/sidgbpec/repos",
        "events_url": "https://api.github.com/users/sidgbpec/events{/privacy}",
        "received_events_url": "https://api.github.com/users/sidgbpec/received_events",
        "type": "User",
        "site_admin": false
    },
    "html_url": "https://github.com/sidgbpec/hello-world0.6642722936972764",
    "description": "this is without cucumber0.0731579151169055",
    "fork": false,
    "url": "https://api.github.com/repos/sidgbpec/hello-world0.6642722936972764",
    "forks_url": "https://api.github.com/repos/sidgbpec/hello-world0.6642722936972764/forks",
    "keys_url": "https://api.github.com/repos/sidgbpec/hello-world0.6642722936972764/keys{/key_id}",
    "collaborators_url": "https://api.github.com/repos/sidgbpec/hello-world0.6642722936972764/collaborators{/collaborator}",
    "teams_url": "https://api.github.com/repos/sidgbpec/hello-world0.6642722936972764/teams",
    "hooks_url": "https://api.github.com/repos/sidgbpec/hello-world0.6642722936972764/hooks",
    "issue_events_url": "https://api.github.com/repos/sidgbpec/hello-world0.6642722936972764/issues/events{/number}",
    "events_url": "https://api.github.com/repos/sidgbpec/hello-world0.6642722936972764/events",
    "assignees_url": "https://api.github.com/repos/sidgbpec/hello-world0.6642722936972764/assignees{/user}",
    "branches_url": "https://api.github.com/repos/sidgbpec/hello-world0.6642722936972764/branches{/branch}",
    "tags_url": "https://api.github.com/repos/sidgbpec/hello-world0.6642722936972764/tags",
    "blobs_url": "https://api.github.com/repos/sidgbpec/hello-world0.6642722936972764/git/blobs{/sha}",
    "git_tags_url": "https://api.github.com/repos/sidgbpec/hello-world0.6642722936972764/git/tags{/sha}",
    "git_refs_url": "https://api.github.com/repos/sidgbpec/hello-world0.6642722936972764/git/refs{/sha}",
    "trees_url": "https://api.github.com/repos/sidgbpec/hello-world0.6642722936972764/git/trees{/sha}",
    "statuses_url": "https://api.github.com/repos/sidgbpec/hello-world0.6642722936972764/statuses/{sha}",
    "languages_url": "https://api.github.com/repos/sidgbpec/hello-world0.6642722936972764/languages",
    "stargazers_url": "https://api.github.com/repos/sidgbpec/hello-world0.6642722936972764/stargazers",
    "contributors_url": "https://api.github.com/repos/sidgbpec/hello-world0.6642722936972764/contributors",
    "subscribers_url": "https://api.github.com/repos/sidgbpec/hello-world0.6642722936972764/subscribers",
    "subscription_url": "https://api.github.com/repos/sidgbpec/hello-world0.6642722936972764/subscription",
    "commits_url": "https://api.github.com/repos/sidgbpec/hello-world0.6642722936972764/commits{/sha}",
    "git_commits_url": "https://api.github.com/repos/sidgbpec/hello-world0.6642722936972764/git/commits{/sha}",
    "comments_url": "https://api.github.com/repos/sidgbpec/hello-world0.6642722936972764/comments{/number}",
    "issue_comment_url": "https://api.github.com/repos/sidgbpec/hello-world0.6642722936972764/issues/comments{/number}",
    "contents_url": "https://api.github.com/repos/sidgbpec/hello-world0.6642722936972764/contents/{+path}",
    "compare_url": "https://api.github.com/repos/sidgbpec/hello-world0.6642722936972764/compare/{base}...{head}",
    "merges_url": "https://api.github.com/repos/sidgbpec/hello-world0.6642722936972764/merges",
    "archive_url": "https://api.github.com/repos/sidgbpec/hello-world0.6642722936972764/{archive_format}{/ref}",
    "downloads_url": "https://api.github.com/repos/sidgbpec/hello-world0.6642722936972764/downloads",
    "issues_url": "https://api.github.com/repos/sidgbpec/hello-world0.6642722936972764/issues{/number}",
    "pulls_url": "https://api.github.com/repos/sidgbpec/hello-world0.6642722936972764/pulls{/number}",
    "milestones_url": "https://api.github.com/repos/sidgbpec/hello-world0.6642722936972764/milestones{/number}",
    "notifications_url": "https://api.github.com/repos/sidgbpec/hello-world0.6642722936972764/notifications{?since,all,participating}",
    "labels_url": "https://api.github.com/repos/sidgbpec/hello-world0.6642722936972764/labels{/name}",
    "releases_url": "https://api.github.com/repos/sidgbpec/hello-world0.6642722936972764/releases{/id}",
    "deployments_url": "https://api.github.com/repos/sidgbpec/hello-world0.6642722936972764/deployments",
    "created_at": "2023-10-01T04:09:43Z",
    "updated_at": "2023-10-01T04:09:43Z",
    "pushed_at": "2023-10-01T04:09:43Z",
    "git_url": "git://github.com/sidgbpec/hello-world0.6642722936972764.git",
    "ssh_url": "git@github.com:sidgbpec/hello-world0.6642722936972764.git",
    "clone_url": "https://github.com/sidgbpec/hello-world0.6642722936972764.git",
    "svn_url": "https://github.com/sidgbpec/hello-world0.6642722936972764",
    "homepage": null,
    "size": 0,
    "stargazers_count": 0,
    "watchers_count": 0,
    "language": null,
    "has_issues": true,
    "has_projects": true,
    "has_downloads": true,
    "has_wiki": true,
    "has_pages": false,
    "has_discussions": false,
    "forks_count": 0,
    "mirror_url": null,
    "archived": false,
    "disabled": false,
    "open_issues_count": 0,
    "license": null,
    "allow_forking": true,
    "is_template": false,
    "web_commit_signoff_required": false,
    "topics": [
        
    ],
    "visibility": "public",
    "forks": 0,
    "open_issues": 0,
    "watchers": 0,
    "default_branch": "main",
    "permissions": {
        "admin": true,
        "maintain": true,
        "push": true,
        "triage": true,
        "pull": true
    },
    "allow_squash_merge": true,
    "allow_merge_commit": true,
    "allow_rebase_merge": true,
    "allow_auto_merge": false,
    "delete_branch_on_merge": false,
    "allow_update_branch": false,
    "use_squash_pr_title_as_default": false,
    "squash_merge_commit_message": "COMMIT_MESSAGES",
    "squash_merge_commit_title": "COMMIT_OR_PR_TITLE",
    "merge_commit_message": "PR_TITLE",
    "merge_commit_title": "MERGE_MESSAGE",
    "network_count": 0,
    "subscribers_count": 0
}
]]></system-out>
    <system-err><![CDATA[SLF4J: Failed to load class "org.slf4j.impl.StaticLoggerBinder".
SLF4J: Defaulting to no-operation (NOP) logger implementation
SLF4J: See http://www.slf4j.org/codes.html#StaticLoggerBinder for further details.
]]></system-err>
  </testcase>
  <testcase name="testToReadARepo" classname="tests.GitHubTests" time="3.885">
    <system-out><![CDATA[{"id":698819944,"node_id":"R_kgDOKaclaA","name":"hello-world0.6642722936972764","full_name":"sidgbpec/hello-world0.6642722936972764","private":false,"owner":{"login":"sidgbpec","id":65030726,"node_id":"MDQ6VXNlcjY1MDMwNzI2","avatar_url":"https://avatars.githubusercontent.com/u/65030726?v=4","gravatar_id":"","url":"https://api.github.com/users/sidgbpec","html_url":"https://github.com/sidgbpec","followers_url":"https://api.github.com/users/sidgbpec/followers","following_url":"https://api.github.com/users/sidgbpec/following{/other_user}","gists_url":"https://api.github.com/users/sidgbpec/gists{/gist_id}","starred_url":"https://api.github.com/users/sidgbpec/starred{/owner}{/repo}","subscriptions_url":"https://api.github.com/users/sidgbpec/subscriptions","organizations_url":"https://api.github.com/users/sidgbpec/orgs","repos_url":"https://api.github.com/users/sidgbpec/repos","events_url":"https://api.github.com/users/sidgbpec/events{/privacy}","received_events_url":"https://api.github.com/users/sidgbpec/received_events","type":"User","site_admin":false},"html_url":"https://github.com/sidgbpec/hello-world0.6642722936972764","description":"this is without cucumber0.0731579151169055","fork":false,"url":"https://api.github.com/repos/sidgbpec/hello-world0.6642722936972764","forks_url":"https://api.github.com/repos/sidgbpec/hello-world0.6642722936972764/forks","keys_url":"https://api.github.com/repos/sidgbpec/hello-world0.6642722936972764/keys{/key_id}","collaborators_url":"https://api.github.com/repos/sidgbpec/hello-world0.6642722936972764/collaborators{/collaborator}","teams_url":"https://api.github.com/repos/sidgbpec/hello-world0.6642722936972764/teams","hooks_url":"https://api.github.com/repos/sidgbpec/hello-world0.6642722936972764/hooks","issue_events_url":"https://api.github.com/repos/sidgbpec/hello-world0.6642722936972764/issues/events{/number}","events_url":"https://api.github.com/repos/sidgbpec/hello-world0.6642722936972764/events","assignees_url":"https://api.github.com/repos/sidgbpec/hello-world0.6642722936972764/assignees{/user}","branches_url":"https://api.github.com/repos/sidgbpec/hello-world0.6642722936972764/branches{/branch}","tags_url":"https://api.github.com/repos/sidgbpec/hello-world0.6642722936972764/tags","blobs_url":"https://api.github.com/repos/sidgbpec/hello-world0.6642722936972764/git/blobs{/sha}","git_tags_url":"https://api.github.com/repos/sidgbpec/hello-world0.6642722936972764/git/tags{/sha}","git_refs_url":"https://api.github.com/repos/sidgbpec/hello-world0.6642722936972764/git/refs{/sha}","trees_url":"https://api.github.com/repos/sidgbpec/hello-world0.6642722936972764/git/trees{/sha}","statuses_url":"https://api.github.com/repos/sidgbpec/hello-world0.6642722936972764/statuses/{sha}","languages_url":"https://api.github.com/repos/sidgbpec/hello-world0.6642722936972764/languages","stargazers_url":"https://api.github.com/repos/sidgbpec/hello-world0.6642722936972764/stargazers","contributors_url":"https://api.github.com/repos/sidgbpec/hello-world0.6642722936972764/contributors","subscribers_url":"https://api.github.com/repos/sidgbpec/hello-world0.6642722936972764/subscribers","subscription_url":"https://api.github.com/repos/sidgbpec/hello-world0.6642722936972764/subscription","commits_url":"https://api.github.com/repos/sidgbpec/hello-world0.6642722936972764/commits{/sha}","git_commits_url":"https://api.github.com/repos/sidgbpec/hello-world0.6642722936972764/git/commits{/sha}","comments_url":"https://api.github.com/repos/sidgbpec/hello-world0.6642722936972764/comments{/number}","issue_comment_url":"https://api.github.com/repos/sidgbpec/hello-world0.6642722936972764/issues/comments{/number}","contents_url":"https://api.github.com/repos/sidgbpec/hello-world0.6642722936972764/contents/{+path}","compare_url":"https://api.github.com/repos/sidgbpec/hello-world0.6642722936972764/compare/{base}...{head}","merges_url":"https://api.github.com/repos/sidgbpec/hello-world0.6642722936972764/merges","archive_url":"https://api.github.com/repos/sidgbpec/hello-world0.6642722936972764/{archive_format}{/ref}","downloads_url":"https://api.github.com/repos/sidgbpec/hello-world0.6642722936972764/downloads","issues_url":"https://api.github.com/repos/sidgbpec/hello-world0.6642722936972764/issues{/number}","pulls_url":"https://api.github.com/repos/sidgbpec/hello-world0.6642722936972764/pulls{/number}","milestones_url":"https://api.github.com/repos/sidgbpec/hello-world0.6642722936972764/milestones{/number}","notifications_url":"https://api.github.com/repos/sidgbpec/hello-world0.6642722936972764/notifications{?since,all,participating}","labels_url":"https://api.github.com/repos/sidgbpec/hello-world0.6642722936972764/labels{/name}","releases_url":"https://api.github.com/repos/sidgbpec/hello-world0.6642722936972764/releases{/id}","deployments_url":"https://api.github.com/repos/sidgbpec/hello-world0.6642722936972764/deployments","created_at":"2023-10-01T04:09:43Z","updated_at":"2023-10-01T04:09:43Z","pushed_at":"2023-10-01T04:09:43Z","git_url":"git://github.com/sidgbpec/hello-world0.6642722936972764.git","ssh_url":"git@github.com:sidgbpec/hello-world0.6642722936972764.git","clone_url":"https://github.com/sidgbpec/hello-world0.6642722936972764.git","svn_url":"https://github.com/sidgbpec/hello-world0.6642722936972764","homepage":null,"size":0,"stargazers_count":0,"watchers_count":0,"language":null,"has_issues":true,"has_projects":true,"has_downloads":true,"has_wiki":true,"has_pages":false,"has_discussions":false,"forks_count":0,"mirror_url":null,"archived":false,"disabled":false,"open_issues_count":0,"license":null,"allow_forking":true,"is_template":false,"web_commit_signoff_required":false,"topics":[],"visibility":"public","forks":0,"open_issues":0,"watchers":0,"default_branch":"main","permissions":{"admin":true,"maintain":true,"push":true,"triage":true,"pull":true},"temp_clone_token":"","allow_squash_merge":true,"allow_merge_commit":true,"allow_rebase_merge":true,"allow_auto_merge":false,"delete_branch_on_merge":false,"allow_update_branch":false,"use_squash_pr_title_as_default":false,"squash_merge_commit_message":"COMMIT_MESSAGES","squash_merge_commit_title":"COMMIT_OR_PR_TITLE","merge_commit_message":"PR_TITLE","merge_commit_title":"MERGE_MESSAGE","security_and_analysis":{"secret_scanning":{"status":"disabled"},"secret_scanning_push_protection":{"status":"disabled"},"dependabot_security_updates":{"status":"disabled"}},"network_count":0,"subscribers_count":1}
]]></system-out>
  </testcase>
  <testcase name="testToUpdateARepo" classname="tests.GitHubTests" time="0.685">
    <system-out><![CDATA[request body being used for updation: {
  "description" : "updated through test case"
}
after updation, response is {"id":698819944,"node_id":"R_kgDOKaclaA","name":"hello-world0.6642722936972764","full_name":"sidgbpec/hello-world0.6642722936972764","private":false,"owner":{"login":"sidgbpec","id":65030726,"node_id":"MDQ6VXNlcjY1MDMwNzI2","avatar_url":"https://avatars.githubusercontent.com/u/65030726?v=4","gravatar_id":"","url":"https://api.github.com/users/sidgbpec","html_url":"https://github.com/sidgbpec","followers_url":"https://api.github.com/users/sidgbpec/followers","following_url":"https://api.github.com/users/sidgbpec/following{/other_user}","gists_url":"https://api.github.com/users/sidgbpec/gists{/gist_id}","starred_url":"https://api.github.com/users/sidgbpec/starred{/owner}{/repo}","subscriptions_url":"https://api.github.com/users/sidgbpec/subscriptions","organizations_url":"https://api.github.com/users/sidgbpec/orgs","repos_url":"https://api.github.com/users/sidgbpec/repos","events_url":"https://api.github.com/users/sidgbpec/events{/privacy}","received_events_url":"https://api.github.com/users/sidgbpec/received_events","type":"User","site_admin":false},"html_url":"https://github.com/sidgbpec/hello-world0.6642722936972764","description":"updated through test case","fork":false,"url":"https://api.github.com/repos/sidgbpec/hello-world0.6642722936972764","forks_url":"https://api.github.com/repos/sidgbpec/hello-world0.6642722936972764/forks","keys_url":"https://api.github.com/repos/sidgbpec/hello-world0.6642722936972764/keys{/key_id}","collaborators_url":"https://api.github.com/repos/sidgbpec/hello-world0.6642722936972764/collaborators{/collaborator}","teams_url":"https://api.github.com/repos/sidgbpec/hello-world0.6642722936972764/teams","hooks_url":"https://api.github.com/repos/sidgbpec/hello-world0.6642722936972764/hooks","issue_events_url":"https://api.github.com/repos/sidgbpec/hello-world0.6642722936972764/issues/events{/number}","events_url":"https://api.github.com/repos/sidgbpec/hello-world0.6642722936972764/events","assignees_url":"https://api.github.com/repos/sidgbpec/hello-world0.6642722936972764/assignees{/user}","branches_url":"https://api.github.com/repos/sidgbpec/hello-world0.6642722936972764/branches{/branch}","tags_url":"https://api.github.com/repos/sidgbpec/hello-world0.6642722936972764/tags","blobs_url":"https://api.github.com/repos/sidgbpec/hello-world0.6642722936972764/git/blobs{/sha}","git_tags_url":"https://api.github.com/repos/sidgbpec/hello-world0.6642722936972764/git/tags{/sha}","git_refs_url":"https://api.github.com/repos/sidgbpec/hello-world0.6642722936972764/git/refs{/sha}","trees_url":"https://api.github.com/repos/sidgbpec/hello-world0.6642722936972764/git/trees{/sha}","statuses_url":"https://api.github.com/repos/sidgbpec/hello-world0.6642722936972764/statuses/{sha}","languages_url":"https://api.github.com/repos/sidgbpec/hello-world0.6642722936972764/languages","stargazers_url":"https://api.github.com/repos/sidgbpec/hello-world0.6642722936972764/stargazers","contributors_url":"https://api.github.com/repos/sidgbpec/hello-world0.6642722936972764/contributors","subscribers_url":"https://api.github.com/repos/sidgbpec/hello-world0.6642722936972764/subscribers","subscription_url":"https://api.github.com/repos/sidgbpec/hello-world0.6642722936972764/subscription","commits_url":"https://api.github.com/repos/sidgbpec/hello-world0.6642722936972764/commits{/sha}","git_commits_url":"https://api.github.com/repos/sidgbpec/hello-world0.6642722936972764/git/commits{/sha}","comments_url":"https://api.github.com/repos/sidgbpec/hello-world0.6642722936972764/comments{/number}","issue_comment_url":"https://api.github.com/repos/sidgbpec/hello-world0.6642722936972764/issues/comments{/number}","contents_url":"https://api.github.com/repos/sidgbpec/hello-world0.6642722936972764/contents/{+path}","compare_url":"https://api.github.com/repos/sidgbpec/hello-world0.6642722936972764/compare/{base}...{head}","merges_url":"https://api.github.com/repos/sidgbpec/hello-world0.6642722936972764/merges","archive_url":"https://api.github.com/repos/sidgbpec/hello-world0.6642722936972764/{archive_format}{/ref}","downloads_url":"https://api.github.com/repos/sidgbpec/hello-world0.6642722936972764/downloads","issues_url":"https://api.github.com/repos/sidgbpec/hello-world0.6642722936972764/issues{/number}","pulls_url":"https://api.github.com/repos/sidgbpec/hello-world0.6642722936972764/pulls{/number}","milestones_url":"https://api.github.com/repos/sidgbpec/hello-world0.6642722936972764/milestones{/number}","notifications_url":"https://api.github.com/repos/sidgbpec/hello-world0.6642722936972764/notifications{?since,all,participating}","labels_url":"https://api.github.com/repos/sidgbpec/hello-world0.6642722936972764/labels{/name}","releases_url":"https://api.github.com/repos/sidgbpec/hello-world0.6642722936972764/releases{/id}","deployments_url":"https://api.github.com/repos/sidgbpec/hello-world0.6642722936972764/deployments","created_at":"2023-10-01T04:09:43Z","updated_at":"2023-10-01T04:09:48Z","pushed_at":"2023-10-01T04:09:43Z","git_url":"git://github.com/sidgbpec/hello-world0.6642722936972764.git","ssh_url":"git@github.com:sidgbpec/hello-world0.6642722936972764.git","clone_url":"https://github.com/sidgbpec/hello-world0.6642722936972764.git","svn_url":"https://github.com/sidgbpec/hello-world0.6642722936972764","homepage":null,"size":0,"stargazers_count":0,"watchers_count":0,"language":null,"has_issues":true,"has_projects":true,"has_downloads":true,"has_wiki":true,"has_pages":false,"has_discussions":false,"forks_count":0,"mirror_url":null,"archived":false,"disabled":false,"open_issues_count":0,"license":null,"allow_forking":true,"is_template":false,"web_commit_signoff_required":false,"topics":[],"visibility":"public","forks":0,"open_issues":0,"watchers":0,"default_branch":"main","permissions":{"admin":true,"maintain":true,"push":true,"triage":true,"pull":true},"allow_squash_merge":true,"allow_merge_commit":true,"allow_rebase_merge":true,"allow_auto_merge":false,"delete_branch_on_merge":false,"allow_update_branch":false,"use_squash_pr_title_as_default":false,"squash_merge_commit_message":"COMMIT_MESSAGES","squash_merge_commit_title":"COMMIT_OR_PR_TITLE","merge_commit_message":"PR_TITLE","merge_commit_title":"MERGE_MESSAGE","security_and_analysis":{"secret_scanning":{"status":"disabled"},"secret_scanning_push_protection":{"status":"disabled"},"dependabot_security_updates":{"status":"disabled"}},"network_count":0,"subscribers_count":1}
]]></system-out>
  </testcase>
  <testcase name="testToDeleteARepo" classname="tests.GitHubTests" time="0.952"/>
</testsuite>