<?xml version="1.0" encoding="UTF-8"?>
<!-- Generated by org.testng.reporters.JUnitReportReporter -->
<testsuite hostname="DESKTOP-VLILFCN" failures="0" tests="5" name="tests.GitHubTests" time="14.127" errors="0" timestamp="2023-10-01T16:36:03 IST" skipped="1">
  <testcase classname="tests.GitHubTests" name="testToCreateARepoWithPojo" time="9.552"/>
  <testcase classname="tests.GitHubTests" name="testToReadARepo" time="2.754"/>
  <testcase classname="tests.GitHubTests" name="testToUpdateARepo" time="0.918"/>
  <testcase classname="tests.GitHubTests" name="testToDeleteARepo" time="0.903"/>
  <testcase classname="tests.GitHubTests" name="testToCreateARepoWithoutPojo">
    <skipped/>
  </testcase> <!-- testToCreateARepoWithoutPojo -->
</testsuite> <!-- tests.GitHubTests -->
