<?xml version="1.0" encoding="UTF-8"?>
<!-- Generated by org.testng.reporters.JUnitReportReporter -->
<testsuite hostname="DESKTOP-VLILFCN" failures="0" tests="5" name="tests.GitHubTests" time="18.022" errors="0" timestamp="2023-10-01T09:39:50 IST" skipped="1">
  <testcase classname="tests.GitHubTests" name="testToCreateARepoWithPojo" time="12.492"/>
  <testcase classname="tests.GitHubTests" name="testToReadARepo" time="3.887"/>
  <testcase classname="tests.GitHubTests" name="testToUpdateARepo" time="0.683"/>
  <testcase classname="tests.GitHubTests" name="testToDeleteARepo" time="0.960"/>
  <testcase classname="tests.GitHubTests" name="testToCreateARepoWithoutPojo">
    <skipped/>
  </testcase> <!-- testToCreateARepoWithoutPojo -->
</testsuite> <!-- tests.GitHubTests -->
